<?xml version="1.0" encoding="UTF-8"?>
<!-- Generated by org.testng.reporters.JUnitReportReporter -->
<testsuite hostname="DESKTOP-4T15L6D" failures="0" tests="1" name="imdb.Imdb" time="30.366" errors="0" timestamp="16 Nov 2022 07:49:18 GMT">
  <testcase classname="imdb.Imdb" name="pushpaMovieTest" time="30.366"/>
</testsuite> <!-- imdb.Imdb -->
